<?xml version="1.0" encoding="UTF-8"?>
<testsuite name="NumbersToWordsTest" tests="1" skipped="0" failures="0" errors="0" timestamp="2016-04-19T19:49:25" hostname="epicodus-51.local" time="0.001">
  <properties/>
  <testcase name="turnNumbersToWords_singleDigits_String" classname="NumbersToWordsTest" time="0.001"/>
  <system-out><![CDATA[]]></system-out>
  <system-err><![CDATA[]]></system-err>
</testsuite>
